2023-01-17 17:08:34 0 [Note] InnoDB: Mutexes and rw_locks use Windows interlocked functions
2023-01-17 17:08:34 0 [Note] InnoDB: Uses event mutexes
2023-01-17 17:08:34 0 [Note] InnoDB: Compressed tables use zlib 1.2.12
2023-01-17 17:08:34 0 [Note] InnoDB: Number of pools: 1
2023-01-17 17:08:34 0 [Note] InnoDB: Using SSE2 crc32 instructions
2023-01-17 17:08:34 0 [Note] InnoDB: Initializing buffer pool, total size = 16M, instances = 1, chunk size = 16M
2023-01-17 17:08:34 0 [Note] InnoDB: Completed initialization of buffer pool
2023-01-17 17:08:34 0 [Note] InnoDB: Starting crash recovery from checkpoint LSN=300288
2023-01-17 17:08:34 0 [Note] InnoDB: 128 out of 128 rollback segments are active.
2023-01-17 17:08:34 0 [Note] InnoDB: Removed temporary tablespace data file: "ibtmp1"
2023-01-17 17:08:34 0 [Note] InnoDB: Creating shared tablespace for temporary tables
2023-01-17 17:08:34 0 [Note] InnoDB: Setting file 'D:\xampp\mysql\data\ibtmp1' size to 12 MB. Physically writing the file full; Please wait ...
2023-01-17 17:08:34 0 [Note] InnoDB: File 'D:\xampp\mysql\data\ibtmp1' size is now 12 MB.
2023-01-17 17:08:34 0 [Note] InnoDB: Waiting for purge to start
2023-01-17 17:08:34 0 [Note] InnoDB: 10.4.27 started; log sequence number 300297; transaction id 170
2023-01-17 17:08:34 0 [Note] Plugin 'FEEDBACK' is disabled.
2023-01-17 17:08:34 0 [Note] InnoDB: Loading buffer pool(s) from D:\xampp\mysql\data\ib_buffer_pool
2023-01-17 17:08:34 0 [Note] Server socket created on IP: '::'.
2023-01-17 17:08:34 0 [Note] InnoDB: Buffer pool(s) load completed at 230117 17:08:34
2023-01-17 17:08:34 0 [Note] Reading of all Master_info entries succeeded
2023-01-17 17:08:34 0 [Note] Added new Master_info '' to hash table
2023-01-17 17:08:34 0 [Note] D:\xampp\mysql\bin\mysqld.exe: ready for connections.
Version: '10.4.27-MariaDB'  socket: ''  port: 3306  mariadb.org binary distribution
2023-01-17 17:42:05 0 [Note] InnoDB: Mutexes and rw_locks use Windows interlocked functions
2023-01-17 17:42:05 0 [Note] InnoDB: Uses event mutexes
2023-01-17 17:42:05 0 [Note] InnoDB: Compressed tables use zlib 1.2.12
2023-01-17 17:42:05 0 [Note] InnoDB: Number of pools: 1
2023-01-17 17:42:05 0 [Note] InnoDB: Using SSE2 crc32 instructions
2023-01-17 17:42:05 0 [Note] InnoDB: Initializing buffer pool, total size = 16M, instances = 1, chunk size = 16M
2023-01-17 17:42:05 0 [Note] InnoDB: Completed initialization of buffer pool
2023-01-17 17:42:05 0 [Note] InnoDB: Starting crash recovery from checkpoint LSN=300306
2023-01-17 17:42:06 0 [Note] InnoDB: 128 out of 128 rollback segments are active.
2023-01-17 17:42:06 0 [Note] InnoDB: Removed temporary tablespace data file: "ibtmp1"
2023-01-17 17:42:06 0 [Note] InnoDB: Creating shared tablespace for temporary tables
2023-01-17 17:42:06 0 [Note] InnoDB: Setting file 'D:\hyproject\xampp\mysql\data\ibtmp1' size to 12 MB. Physically writing the file full; Please wait ...
2023-01-17 17:42:06 0 [Note] InnoDB: File 'D:\hyproject\xampp\mysql\data\ibtmp1' size is now 12 MB.
2023-01-17 17:42:06 0 [Note] InnoDB: Waiting for purge to start
2023-01-17 17:42:06 0 [Note] InnoDB: 10.4.27 started; log sequence number 300315; transaction id 170
2023-01-17 17:42:06 0 [Note] Plugin 'FEEDBACK' is disabled.
2023-01-17 17:42:06 0 [Note] InnoDB: Loading buffer pool(s) from D:\hyproject\xampp\mysql\data\ib_buffer_pool
2023-01-17 17:42:06 0 [Note] Server socket created on IP: '::'.
2023-01-17 17:42:06 0 [Note] InnoDB: Buffer pool(s) load completed at 230117 17:42:06
2023-01-17 17:42:06 0 [Note] Reading of all Master_info entries succeeded
2023-01-17 17:42:06 0 [Note] Added new Master_info '' to hash table
2023-01-17 17:42:06 0 [Note] D:\hyproject\xampp\mysql\bin\mysqld.exe: ready for connections.
Version: '10.4.27-MariaDB'  socket: ''  port: 3306  mariadb.org binary distribution
